# JRE version: OpenJDK Runtime Environment (21.0.7) (build 21.0.7+-13880790-b1038.58)
# Java VM: OpenJDK 64-Bit Server VM (21.0.7+-13880790-b1038.58, mixed mode, tiered, compressed oops, compressed class ptrs, g1 gc, windows-amd64)
GC Precious Log:
 CardTable entry size: 512
 Card Set container configuration: InlinePtr #cards 5 size 8 Array Of Cards #cards 12 size 40 Howl #buckets 4 coarsen threshold 1843 Howl Bitmap #cards 512 size 80 coarsen threshold 460 Card regions per heap region 1 cards per card region 2048
 CPUs: 4 total, 4 available
 Memory: 8047M
 Large Page Support: Disabled
 NUMA Support: Disabled
 Compressed Oops: Enabled (32-bit)
 Heap Region Size: 1M
 Heap Min Capacity: 8M
 Heap Initial Capacity: 126M
 Heap Max Capacity: 2012M
 Pre-touch: Disabled
 Parallel Workers: 4
 Concurrent Workers: 1
 Concurrent Refinement Workers: 4
 Periodic GC: Disabled
Heap:
 garbage-first heap   total 309248K, used 253694K [0x0000000082400000, 0x0000000100000000)
  region size 1024K, 71 young (72704K), 11 survivors (11264K)
 Metaspace       used 101644K, committed 102080K, reserved 1179648K
  class space    used 10464K, committed 10624K, reserved 1048576K
GC Heap History (20 events):
Event: 104.142 GC heap before
{Heap before GC invocations=43 (full 0):
 garbage-first heap   total 193536K, used 168960K [0x0000000082400000, 0x0000000100000000)
  region size 1024K, 41 young (41984K), 6 survivors (6144K)
 Metaspace       used 70536K, committed 70784K, reserved 1114112K
  class space    used 7906K, committed 8000K, reserved 1048576K
}
Event: 104.160 GC heap after
{Heap after GC invocations=44 (full 0):
 garbage-first heap   total 193536K, used 139042K [0x0000000082400000, 0x0000000100000000)
  region size 1024K, 6 young (6144K), 6 survivors (6144K)
 Metaspace       used 70536K, committed 70784K, reserved 1114112K
  class space    used 7906K, committed 8000K, reserved 1048576K
}
Event: 110.736 GC heap before
{Heap before GC invocations=44 (full 0):
 garbage-first heap   total 193536K, used 172834K [0x0000000082400000, 0x0000000100000000)
  region size 1024K, 39 young (39936K), 6 survivors (6144K)
 Metaspace       used 70787K, committed 71040K, reserved 1114112K
  class space    used 7910K, committed 8000K, reserved 1048576K
}
Event: 110.749 GC heap after
{Heap after GC invocations=45 (full 0):
 garbage-first heap   total 193536K, used 142710K [0x0000000082400000, 0x0000000100000000)
  region size 1024K, 3 young (3072K), 3 survivors (3072K)
 Metaspace       used 70787K, committed 71040K, reserved 1114112K
  class space    used 7910K, committed 8000K, reserved 1048576K
}
Event: 123.391 GC heap before
{Heap before GC invocations=46 (full 0):
 garbage-first heap   total 239616K, used 175478K [0x0000000082400000, 0x0000000100000000)
  region size 1024K, 35 young (35840K), 3 survivors (3072K)
 Metaspace       used 70929K, committed 71168K, reserved 1114112K
  class space    used 7913K, committed 8000K, reserved 1048576K
}
Event: 123.402 GC heap after
{Heap after GC invocations=47 (full 0):
 garbage-first heap   total 239616K, used 147709K [0x0000000082400000, 0x0000000100000000)
  region size 1024K, 5 young (5120K), 5 survivors (5120K)
 Metaspace       used 70929K, committed 71168K, reserved 1114112K
  class space    used 7913K, committed 8000K, reserved 1048576K
}
Event: 129.565 GC heap before
{Heap before GC invocations=47 (full 0):
 garbage-first heap   total 239616K, used 207101K [0x0000000082400000, 0x0000000100000000)
  region size 1024K, 63 young (64512K), 5 survivors (5120K)
 Metaspace       used 71341K, committed 71680K, reserved 1114112K
  class space    used 7930K, committed 8064K, reserved 1048576K
}
Event: 129.578 GC heap after
{Heap after GC invocations=48 (full 0):
 garbage-first heap   total 239616K, used 151095K [0x0000000082400000, 0x0000000100000000)
  region size 1024K, 5 young (5120K), 5 survivors (5120K)
 Metaspace       used 71341K, committed 71680K, reserved 1114112K
  class space    used 7930K, committed 8064K, reserved 1048576K
}
Event: 143.597 GC heap before
{Heap before GC invocations=48 (full 0):
 garbage-first heap   total 239616K, used 215607K [0x0000000082400000, 0x0000000100000000)
  region size 1024K, 68 young (69632K), 5 survivors (5120K)
 Metaspace       used 74673K, committed 75008K, reserved 1179648K
  class space    used 8132K, committed 8256K, reserved 1048576K
}
Event: 143.626 GC heap after
{Heap after GC invocations=49 (full 0):
 garbage-first heap   total 239616K, used 158672K [0x0000000082400000, 0x0000000100000000)
  region size 1024K, 9 young (9216K), 9 survivors (9216K)
 Metaspace       used 74673K, committed 75008K, reserved 1179648K
  class space    used 8132K, committed 8256K, reserved 1048576K
}
Event: 154.025 GC heap before
{Heap before GC invocations=50 (full 0):
 garbage-first heap   total 265216K, used 216016K [0x0000000082400000, 0x0000000100000000)
  region size 1024K, 65 young (66560K), 9 survivors (9216K)
 Metaspace       used 75604K, committed 75904K, reserved 1179648K
  class space    used 8197K, committed 8320K, reserved 1048576K
}
Event: 154.053 GC heap after
{Heap after GC invocations=51 (full 0):
 garbage-first heap   total 265216K, used 166368K [0x0000000082400000, 0x0000000100000000)
  region size 1024K, 7 young (7168K), 7 survivors (7168K)
 Metaspace       used 75604K, committed 75904K, reserved 1179648K
  class space    used 8197K, committed 8320K, reserved 1048576K
}
Event: 161.010 GC heap before
{Heap before GC invocations=51 (full 0):
 garbage-first heap   total 265216K, used 239072K [0x0000000082400000, 0x0000000100000000)
  region size 1024K, 78 young (79872K), 7 survivors (7168K)
 Metaspace       used 83309K, committed 83648K, reserved 1179648K
  class space    used 8864K, committed 9024K, reserved 1048576K
}
Event: 161.040 GC heap after
{Heap after GC invocations=52 (full 0):
 garbage-first heap   total 265216K, used 175996K [0x0000000082400000, 0x0000000100000000)
  region size 1024K, 10 young (10240K), 10 survivors (10240K)
 Metaspace       used 83309K, committed 83648K, reserved 1179648K
  class space    used 8864K, committed 9024K, reserved 1048576K
}
Event: 165.374 GC heap before
{Heap before GC invocations=52 (full 0):
 garbage-first heap   total 265216K, used 240508K [0x0000000082400000, 0x0000000100000000)
  region size 1024K, 73 young (74752K), 10 survivors (10240K)
 Metaspace       used 86264K, committed 86592K, reserved 1179648K
  class space    used 9109K, committed 9216K, reserved 1048576K
}
Event: 165.407 GC heap after
{Heap after GC invocations=53 (full 0):
 garbage-first heap   total 265216K, used 184832K [0x0000000082400000, 0x0000000100000000)
  region size 1024K, 9 young (9216K), 9 survivors (9216K)
 Metaspace       used 86264K, committed 86592K, reserved 1179648K
  class space    used 9109K, committed 9216K, reserved 1048576K
}
Event: 171.518 GC heap before
{Heap before GC invocations=54 (full 0):
 garbage-first heap   total 309248K, used 239104K [0x0000000082400000, 0x0000000100000000)
  region size 1024K, 62 young (63488K), 9 survivors (9216K)
 Metaspace       used 90603K, committed 91008K, reserved 1179648K
  class space    used 9539K, committed 9728K, reserved 1048576K
}
Event: 171.540 GC heap after
{Heap after GC invocations=55 (full 0):
 garbage-first heap   total 309248K, used 187869K [0x0000000082400000, 0x0000000100000000)
  region size 1024K, 4 young (4096K), 4 survivors (4096K)
 Metaspace       used 90603K, committed 91008K, reserved 1179648K
  class space    used 9539K, committed 9728K, reserved 1048576K
}
Event: 185.811 GC heap before
{Heap before GC invocations=55 (full 0):
 garbage-first heap   total 309248K, used 283101K [0x0000000082400000, 0x0000000100000000)
  region size 1024K, 97 young (99328K), 4 survivors (4096K)
 Metaspace       used 99982K, committed 100416K, reserved 1179648K
  class space    used 10401K, committed 10560K, reserved 1048576K
}
Event: 185.845 GC heap after
{Heap after GC invocations=56 (full 0):
 garbage-first heap   total 309248K, used 193278K [0x0000000082400000, 0x0000000100000000)
  region size 1024K, 11 young (11264K), 11 survivors (11264K)
 Metaspace       used 99982K, committed 100416K, reserved 1179648K
  class space    used 10401K, committed 10560K, reserved 1048576K
}

