# JRE version: OpenJDK Runtime Environment (21.0.7) (build 21.0.7+-13880790-b1038.58)
# Java VM: OpenJDK 64-Bit Server VM (21.0.7+-13880790-b1038.58, mixed mode, tiered, compressed oops, compressed class ptrs, g1 gc, windows-amd64)
GC Precious Log:
 CardTable entry size: 512
 Card Set container configuration: InlinePtr #cards 5 size 8 Array Of Cards #cards 12 size 40 Howl #buckets 4 coarsen threshold 1843 Howl Bitmap #cards 512 size 80 coarsen threshold 460 Card regions per heap region 1 cards per card region 2048
 CPUs: 4 total, 4 available
 Memory: 8047M
 Large Page Support: Disabled
 NUMA Support: Disabled
 Compressed Oops: Enabled (32-bit)
 Heap Region Size: 1M
 Heap Min Capacity: 8M
 Heap Initial Capacity: 126M
 Heap Max Capacity: 2G
 Pre-touch: Disabled
 Parallel Workers: 4
 Concurrent Workers: 1
 Concurrent Refinement Workers: 4
 Periodic GC: Disabled
Heap:
 garbage-first heap   total 461824K, used 212762K [0x0000000080000000, 0x0000000100000000)
  region size 1024K, 5 young (5120K), 5 survivors (5120K)
 Metaspace       used 165057K, committed 169536K, reserved 1245184K
  class space    used 21938K, committed 23872K, reserved 1048576K
GC Heap History (20 events):
Event: 289.487 GC heap after
{Heap after GC invocations=74 (full 0):
 garbage-first heap   total 376832K, used 172662K [0x0000000080000000, 0x0000000100000000)
  region size 1024K, 5 young (5120K), 5 survivors (5120K)
 Metaspace       used 158919K, committed 161536K, reserved 1245184K
  class space    used 21867K, committed 23168K, reserved 1048576K
}
Event: 3257.396 GC heap before
{Heap before GC invocations=74 (full 0):
 garbage-first heap   total 376832K, used 350838K [0x0000000080000000, 0x0000000100000000)
  region size 1024K, 180 young (184320K), 5 survivors (5120K)
 Metaspace       used 165942K, committed 168576K, reserved 1245184K
  class space    used 22527K, committed 23872K, reserved 1048576K
}
Event: 3258.093 GC heap after
{Heap after GC invocations=75 (full 0):
 garbage-first heap   total 376832K, used 172052K [0x0000000080000000, 0x0000000100000000)
  region size 1024K, 6 young (6144K), 6 survivors (6144K)
 Metaspace       used 165942K, committed 168576K, reserved 1245184K
  class space    used 22527K, committed 23872K, reserved 1048576K
}
Event: 3311.375 GC heap before
{Heap before GC invocations=75 (full 0):
 garbage-first heap   total 376832K, used 341012K [0x0000000080000000, 0x0000000100000000)
  region size 1024K, 173 young (177152K), 6 survivors (6144K)
 Metaspace       used 166612K, committed 169280K, reserved 1245184K
  class space    used 22531K, committed 23872K, reserved 1048576K
}
Event: 3311.469 GC heap after
{Heap after GC invocations=76 (full 0):
 garbage-first heap   total 376832K, used 189675K [0x0000000080000000, 0x0000000100000000)
  region size 1024K, 23 young (23552K), 23 survivors (23552K)
 Metaspace       used 166612K, committed 169280K, reserved 1245184K
  class space    used 22531K, committed 23872K, reserved 1048576K
}
Event: 3313.393 GC heap before
{Heap before GC invocations=76 (full 0):
 garbage-first heap   total 376832K, used 334059K [0x0000000080000000, 0x0000000100000000)
  region size 1024K, 163 young (166912K), 23 survivors (23552K)
 Metaspace       used 166856K, committed 169472K, reserved 1245184K
  class space    used 22538K, committed 23872K, reserved 1048576K
}
Event: 3313.502 GC heap after
{Heap after GC invocations=77 (full 0):
 garbage-first heap   total 376832K, used 199658K [0x0000000080000000, 0x0000000100000000)
  region size 1024K, 8 young (8192K), 8 survivors (8192K)
 Metaspace       used 166856K, committed 169472K, reserved 1245184K
  class space    used 22538K, committed 23872K, reserved 1048576K
}
Event: 3322.982 GC heap before
{Heap before GC invocations=78 (full 0):
 garbage-first heap   total 458752K, used 456682K [0x0000000080000000, 0x0000000100000000)
  region size 1024K, 114 young (116736K), 8 survivors (8192K)
 Metaspace       used 163721K, committed 169536K, reserved 1245184K
  class space    used 21748K, committed 23872K, reserved 1048576K
}
Event: 3323.002 GC heap after
{Heap after GC invocations=79 (full 0):
 garbage-first heap   total 461824K, used 192436K [0x0000000080000000, 0x0000000100000000)
  region size 1024K, 3 young (3072K), 3 survivors (3072K)
 Metaspace       used 163721K, committed 169536K, reserved 1245184K
  class space    used 21748K, committed 23872K, reserved 1048576K
}
Event: 3693.006 GC heap before
{Heap before GC invocations=79 (full 0):
 garbage-first heap   total 461824K, used 332724K [0x0000000080000000, 0x0000000100000000)
  region size 1024K, 141 young (144384K), 3 survivors (3072K)
 Metaspace       used 164932K, committed 169536K, reserved 1245184K
  class space    used 21935K, committed 23872K, reserved 1048576K
}
Event: 3694.109 GC heap after
{Heap after GC invocations=80 (full 0):
 garbage-first heap   total 461824K, used 204480K [0x0000000080000000, 0x0000000100000000)
  region size 1024K, 16 young (16384K), 16 survivors (16384K)
 Metaspace       used 164932K, committed 169536K, reserved 1245184K
  class space    used 21935K, committed 23872K, reserved 1048576K
}
Event: 3695.220 GC heap before
{Heap before GC invocations=80 (full 0):
 garbage-first heap   total 461824K, used 210624K [0x0000000080000000, 0x0000000100000000)
  region size 1024K, 22 young (22528K), 16 survivors (16384K)
 Metaspace       used 164932K, committed 169536K, reserved 1245184K
  class space    used 21935K, committed 23872K, reserved 1048576K
}
Event: 3695.312 GC heap after
{Heap after GC invocations=81 (full 0):
 garbage-first heap   total 461824K, used 206282K [0x0000000080000000, 0x0000000100000000)
  region size 1024K, 3 young (3072K), 3 survivors (3072K)
 Metaspace       used 164932K, committed 169536K, reserved 1245184K
  class space    used 21935K, committed 23872K, reserved 1048576K
}
Event: 3695.848 GC heap before
{Heap before GC invocations=81 (full 0):
 garbage-first heap   total 461824K, used 224714K [0x0000000080000000, 0x0000000100000000)
  region size 1024K, 22 young (22528K), 3 survivors (3072K)
 Metaspace       used 164962K, committed 169536K, reserved 1245184K
  class space    used 21936K, committed 23872K, reserved 1048576K
}
Event: 3695.908 GC heap after
{Heap after GC invocations=82 (full 0):
 garbage-first heap   total 461824K, used 206314K [0x0000000080000000, 0x0000000100000000)
  region size 1024K, 3 young (3072K), 3 survivors (3072K)
 Metaspace       used 164962K, committed 169536K, reserved 1245184K
  class space    used 21936K, committed 23872K, reserved 1048576K
}
Event: 3696.178 GC heap before
{Heap before GC invocations=82 (full 0):
 garbage-first heap   total 461824K, used 225770K [0x0000000080000000, 0x0000000100000000)
  region size 1024K, 22 young (22528K), 3 survivors (3072K)
 Metaspace       used 164973K, committed 169536K, reserved 1245184K
  class space    used 21937K, committed 23872K, reserved 1048576K
}
Event: 3696.224 GC heap after
{Heap after GC invocations=83 (full 0):
 garbage-first heap   total 461824K, used 207491K [0x0000000080000000, 0x0000000100000000)
  region size 1024K, 3 young (3072K), 3 survivors (3072K)
 Metaspace       used 164973K, committed 169536K, reserved 1245184K
  class space    used 21937K, committed 23872K, reserved 1048576K
}
Event: 3697.485 GC heap before
{Heap before GC invocations=83 (full 0):
 garbage-first heap   total 461824K, used 226947K [0x0000000080000000, 0x0000000100000000)
  region size 1024K, 22 young (22528K), 3 survivors (3072K)
 Metaspace       used 165004K, committed 169536K, reserved 1245184K
  class space    used 21937K, committed 23872K, reserved 1048576K
}
Event: 3697.534 GC heap after
{Heap after GC invocations=84 (full 0):
 garbage-first heap   total 461824K, used 207932K [0x0000000080000000, 0x0000000100000000)
  region size 1024K, 2 young (2048K), 2 survivors (2048K)
 Metaspace       used 165004K, committed 169536K, reserved 1245184K
  class space    used 21937K, committed 23872K, reserved 1048576K
}
Event: 3726.912 GC heap before
{Heap before GC invocations=84 (full 0):
 garbage-first heap   total 461824K, used 247868K [0x0000000080000000, 0x0000000100000000)
  region size 1024K, 40 young (40960K), 2 survivors (2048K)
 Metaspace       used 165057K, committed 169536K, reserved 1245184K
  class space    used 21938K, committed 23872K, reserved 1048576K
}

